Log file open, 04/04/18 05:55:33
LogWindows: Failed to load 'aqProf.dll' (GetLastError=126)
LogWindows: File 'aqProf.dll' does not exist
LogWindows: Failed to load 'VtuneApi.dll' (GetLastError=126)
LogWindows: File 'VtuneApi.dll' does not exist
LogWindows: Failed to load 'VtuneApi32e.dll' (GetLastError=126)
LogWindows: File 'VtuneApi32e.dll' does not exist
LogInit: Display: Running engine for game: SatomiSecondPass
LogPlatformFile: Not using cached read wrapper
LogInit: Display: RandInit(-580237486) SRandInit(-580237486).
LogInit: Read version file with build ID '3709383'
LogInit: Overriding engine version to CL 3832480, compatible CL 3709383
LogInit: Registered custom module enumerator with build ID '3709383'
LogTaskGraph: Started task graph with 5 named threads and 14 total threads with 3 sets of task threads.
LogStats: Stats thread started at 0.172823
LogD3D11RHI: Aftermath initialized
LogPluginManager: Mounting plugin Paper2D
LogPluginManager: Mounting plugin LightPropagationVolume
LogPluginManager: Mounting plugin CodeLiteSourceCodeAccess
LogPluginManager: Mounting plugin GitSourceControl
LogPluginManager: Mounting plugin KDevelopSourceCodeAccess
LogPluginManager: Mounting plugin NullSourceCodeAccess
LogPluginManager: Mounting plugin PerforceSourceControl
LogPluginManager: Mounting plugin SubversionSourceControl
LogPluginManager: Mounting plugin UObjectPlugin
LogPluginManager: Mounting plugin VisualStudioCodeSourceCodeAccess
LogPluginManager: Mounting plugin VisualStudioSourceCodeAccess
LogPluginManager: Mounting plugin XCodeSourceCodeAccess
LogPluginManager: Mounting plugin AssetManagerEditor
LogPluginManager: Mounting plugin AudioCapture
LogPluginManager: Mounting plugin FacialAnimation
LogPluginManager: Mounting plugin GameplayTagsEditor
LogPluginManager: Mounting plugin MobileLauncherProfileWizard
LogPluginManager: Mounting plugin PluginBrowser
LogPluginManager: Mounting plugin SpeedTreeImporter
LogPluginManager: Mounting plugin AlembicImporter
LogPluginManager: Mounting plugin CharacterAI
LogPluginManager: Mounting plugin HTML5Networking
LogPluginManager: Mounting plugin Substance
LogPluginManager: Mounting plugin AndroidMedia
LogPluginManager: Mounting plugin AvfMedia
LogPluginManager: Mounting plugin ImgMedia
LogPluginManager: Mounting plugin MediaCompositing
LogPluginManager: Mounting plugin MediaPlayerEditor
LogPluginManager: Mounting plugin WmfMedia
LogPluginManager: Mounting plugin TcpMessaging
LogPluginManager: Mounting plugin UdpMessaging
LogPluginManager: Mounting plugin ActorSequence
LogPluginManager: Mounting plugin LevelSequenceEditor
LogPluginManager: Mounting plugin MatineeToLevelSequence
LogPluginManager: Mounting plugin OnlineSubsystemGooglePlay
LogPluginManager: Mounting plugin OnlineSubsystemIOS
LogPluginManager: Mounting plugin OnlineSubsystem
LogPluginManager: Mounting plugin OnlineSubsystemNull
LogPluginManager: Mounting plugin OnlineSubsystemUtils
LogPluginManager: Mounting plugin AndroidDeviceProfileSelector
LogPluginManager: Mounting plugin AndroidMoviePlayer
LogPluginManager: Mounting plugin AndroidPermission
LogPluginManager: Mounting plugin AppleARKit
LogPluginManager: Mounting plugin AppleMoviePlayer
LogPluginManager: Mounting plugin ArchVisCharacter
LogPluginManager: Mounting plugin CableComponent
LogPluginManager: Mounting plugin CustomMeshComponent
LogPluginManager: Mounting plugin ExampleDeviceProfileSelector
LogPluginManager: Mounting plugin GoogleCloudMessaging
LogPluginManager: Mounting plugin ImmediatePhysics
LogPluginManager: Mounting plugin IOSDeviceProfileSelector
LogPluginManager: Mounting plugin LinuxDeviceProfileSelector
LogPluginManager: Mounting plugin LocationServicesBPLibrary
LogPluginManager: Mounting plugin MobilePatchingUtils
LogPluginManager: Mounting plugin OculusVR
LogPluginManager: Plugin shader directory ../../../Engine/Plugins/Runtime/Oculus/OculusVR/Shaders found
LogPluginManager: Mapping shader source directory ../../../Engine/Plugins/Runtime/Oculus/OculusVR/Shaders to virtual directory /Plugin/OculusVR
LogPluginManager: Mounting plugin PhysXVehicles
LogPluginManager: Mounting plugin ProceduralMeshComponent
LogPluginManager: Mounting plugin RuntimePhysXCooking
LogPluginManager: Mounting plugin SteamVR
LogPluginManager: Mounting plugin WindowsMoviePlayer
LogModuleManager: Display: Found up-to-date module file ../../../../../../Users/Noah K Leiter/Desktop/SatomiSecondPass/SatomiSecondPass/Binaries/Win64/UE4Editor-SatomiSecondPass.dll (API version 3709383).
LogModuleManager: Display: Found up-to-date module file ../../../Engine/Plugins/2D/Paper2D/Binaries/Win64/UE4Editor-Paper2D.dll (API version 3709383).
LogModuleManager: Display: Found up-to-date module file ../../../Engine/Plugins/2D/Paper2D/Binaries/Win64/UE4Editor-Paper2DEditor.dll (API version 3709383).
LogModuleManager: Display: Found up-to-date module file ../../../Engine/Plugins/2D/Paper2D/Binaries/Win64/UE4Editor-PaperSpriteSheetImporter.dll (API version 3709383).
LogModuleManager: Display: Found up-to-date module file ../../../Engine/Plugins/2D/Paper2D/Binaries/Win64/UE4Editor-PaperTiledImporter.dll (API version 3709383).
LogModuleManager: Display: Found up-to-date module file ../../../Engine/Plugins/2D/Paper2D/Binaries/Win64/UE4Editor-SmartSnapping.dll (API version 3709383).
LogModuleManager: Display: Found up-to-date module file ../../../Engine/Plugins/Blendables/LightPropagationVolume/Binaries/Win64/UE4Editor-LightPropagationVolumeRuntime.dll (API version 3709383).
LogModuleManager: Display: Found up-to-date module file ../../../Engine/Plugins/Blendables/LightPropagationVolume/Binaries/Win64/UE4Editor-LightPropagationVolumeEditor.dll (API version 3709383).
LogModuleManager: Display: Found up-to-date module file ../../../Engine/Plugins/Developer/GitSourceControl/Binaries/Win64/UE4Editor-GitSourceControl.dll (API version 3709383).
LogModuleManager: Display: Found up-to-date module file ../../../Engine/Plugins/Developer/PerforceSourceControl/Binaries/Win64/UE4Editor-PerforceSourceControl.dll (API version 3709383).
LogModuleManager: Display: Found up-to-date module file ../../../Engine/Plugins/Developer/SubversionSourceControl/Binaries/Win64/UE4Editor-SubversionSourceControl.dll (API version 3709383).
LogModuleManager: Display: Found up-to-date module file ../../../Engine/Plugins/Developer/UObjectPlugin/Binaries/Win64/UE4Editor-UObjectPlugin.dll (API version 3709383).
LogModuleManager: Display: Found up-to-date module file ../../../Engine/Plugins/Developer/VisualStudioCodeSourceCodeAccess/Binaries/Win64/UE4Editor-VisualStudioCodeSourceCodeAccess.dll (API version 3709383).
LogModuleManager: Display: Found up-to-date module file ../../../Engine/Plugins/Developer/VisualStudioSourceCodeAccess/Binaries/Win64/UE4Editor-VisualStudioSourceCodeAccess.dll (API version 3709383).
LogModuleManager: Display: Found up-to-date module file ../../../Engine/Plugins/Editor/AssetManagerEditor/Binaries/Win64/UE4Editor-AssetManagerEditor.dll (API version 3709383).
LogModuleManager: Display: Found up-to-date module file ../../../Engine/Plugins/Editor/AudioCapture/Binaries/Win64/UE4Editor-AudioCapture.dll (API version 3709383).
LogModuleManager: Display: Found up-to-date module file ../../../Engine/Plugins/Editor/FacialAnimation/Binaries/Win64/UE4Editor-FacialAnimation.dll (API version 3709383).
LogModuleManager: Display: Found up-to-date module file ../../../Engine/Plugins/Editor/FacialAnimation/Binaries/Win64/UE4Editor-FacialAnimationEditor.dll (API version 3709383).
LogModuleManager: Display: Found up-to-date module file ../../../Engine/Plugins/Editor/GameplayTagsEditor/Binaries/Win64/UE4Editor-GameplayTagsEditor.dll (API version 3709383).
LogModuleManager: Display: Found up-to-date module file ../../../Engine/Plugins/Editor/MobileLauncherProfileWizard/Binaries/Win64/UE4Editor-MobileLauncherProfileWizard.dll (API version 3709383).
LogModuleManager: Display: Found up-to-date module file ../../../Engine/Plugins/Editor/PluginBrowser/Binaries/Win64/UE4Editor-PluginBrowser.dll (API version 3709383).
LogModuleManager: Display: Found up-to-date module file ../../../Engine/Plugins/Editor/SpeedTreeImporter/Binaries/Win64/UE4Editor-SpeedTreeImporter.dll (API version 3709383).
LogModuleManager: Display: Found up-to-date module file ../../../Engine/Plugins/Experimental/AlembicImporter/Binaries/Win64/UE4Editor-AlembicImporter.dll (API version 3709383).
LogModuleManager: Display: Found up-to-date module file ../../../Engine/Plugins/Experimental/AlembicImporter/Binaries/Win64/UE4Editor-AlembicLibrary.dll (API version 3709383).
LogModuleManager: Display: Found up-to-date module file ../../../Engine/Plugins/Experimental/CharacterAI/Binaries/Win64/UE4Editor-CharacterAI.dll (API version 3709383).
LogModuleManager: Display: Found up-to-date module file ../../../Engine/Plugins/Experimental/HTML5Networking/Binaries/Win64/UE4Editor-HTML5Networking.dll (API version 3709383).
LogModuleManager: Display: Found up-to-date module file ../../../Engine/Plugins/Marketplace/Substance/Binaries/Win64/UE4Editor-SubstanceCore.dll (API version 3709383).
LogModuleManager: Display: Found up-to-date module file ../../../Engine/Plugins/Marketplace/Substance/Binaries/Win64/UE4Editor-SubstanceEditor.dll (API version 3709383).
LogModuleManager: Display: Found up-to-date module file ../../../Engine/Plugins/Marketplace/Substance/Binaries/Win64/UE4Editor-SubstanceSource.dll (API version 3709383).
LogModuleManager: Display: Found up-to-date module file ../../../Engine/Plugins/Marketplace/Substance/Binaries/Win64/UE4Editor-SubstanceLiveLink.dll (API version 3709383).
LogModuleManager: Display: Found up-to-date module file ../../../Engine/Plugins/Media/AndroidMedia/Binaries/Win64/UE4Editor-AndroidMediaEditor.dll (API version 3709383).
LogModuleManager: Display: Found up-to-date module file ../../../Engine/Plugins/Media/AndroidMedia/Binaries/Win64/UE4Editor-AndroidMediaFactory.dll (API version 3709383).
LogModuleManager: Display: Found up-to-date module file ../../../Engine/Plugins/Media/AvfMedia/Binaries/Win64/UE4Editor-AvfMediaEditor.dll (API version 3709383).
LogModuleManager: Display: Found up-to-date module file ../../../Engine/Plugins/Media/AvfMedia/Binaries/Win64/UE4Editor-AvfMediaFactory.dll (API version 3709383).
LogModuleManager: Display: Found up-to-date module file ../../../Engine/Plugins/Media/AvfMedia/Binaries/Win64/UE4Editor-AvfMediaFactory.dll (API version 3709383).
LogModuleManager: Display: Found up-to-date module file ../../../Engine/Plugins/Media/ImgMedia/Binaries/Win64/UE4Editor-ImgMedia.dll (API version 3709383).
LogModuleManager: Display: Found up-to-date module file ../../../Engine/Plugins/Media/ImgMedia/Binaries/Win64/UE4Editor-ImgMediaEditor.dll (API version 3709383).
LogModuleManager: Display: Found up-to-date module file ../../../Engine/Plugins/Media/ImgMedia/Binaries/Win64/UE4Editor-ImgMediaFactory.dll (API version 3709383).
LogModuleManager: Display: Found up-to-date module file ../../../Engine/Plugins/Media/ImgMedia/Binaries/Win64/UE4Editor-ImgMediaFactory.dll (API version 3709383).
LogModuleManager: Display: Found up-to-date module file ../../../Engine/Plugins/Media/ImgMedia/Binaries/Win64/UE4Editor-OpenExrWrapper.dll (API version 3709383).
LogModuleManager: Display: Found up-to-date module file ../../../Engine/Plugins/Media/MediaCompositing/Binaries/Win64/UE4Editor-MediaCompositing.dll (API version 3709383).
LogModuleManager: Display: Found up-to-date module file ../../../Engine/Plugins/Media/MediaCompositing/Binaries/Win64/UE4Editor-MediaCompositingEditor.dll (API version 3709383).
LogModuleManager: Display: Found up-to-date module file ../../../Engine/Plugins/Media/MediaPlayerEditor/Binaries/Win64/UE4Editor-MediaPlayerEditor.dll (API version 3709383).
LogModuleManager: Display: Found up-to-date module file ../../../Engine/Plugins/Media/WmfMedia/Binaries/Win64/UE4Editor-WmfMedia.dll (API version 3709383).
LogModuleManager: Display: Found up-to-date module file ../../../Engine/Plugins/Media/WmfMedia/Binaries/Win64/UE4Editor-WmfMediaEditor.dll (API version 3709383).
LogModuleManager: Display: Found up-to-date module file ../../../Engine/Plugins/Media/WmfMedia/Binaries/Win64/UE4Editor-WmfMediaFactory.dll (API version 3709383).
LogModuleManager: Display: Found up-to-date module file ../../../Engine/Plugins/Media/WmfMedia/Binaries/Win64/UE4Editor-WmfMediaFactory.dll (API version 3709383).
LogModuleManager: Display: Found up-to-date module file ../../../Engine/Plugins/Messaging/TcpMessaging/Binaries/Win64/UE4Editor-TcpMessaging.dll (API version 3709383).
LogModuleManager: Display: Found up-to-date module file ../../../Engine/Plugins/Messaging/UdpMessaging/Binaries/Win64/UE4Editor-UdpMessaging.dll (API version 3709383).
LogModuleManager: Display: Found up-to-date module file ../../../Engine/Plugins/MovieScene/ActorSequence/Binaries/Win64/UE4Editor-ActorSequence.dll (API version 3709383).
LogModuleManager: Display: Found up-to-date module file ../../../Engine/Plugins/MovieScene/LevelSequenceEditor/Binaries/Win64/UE4Editor-LevelSequenceEditor.dll (API version 3709383).
LogModuleManager: Display: Found up-to-date module file ../../../Engine/Plugins/MovieScene/MatineeToLevelSequence/Binaries/Win64/UE4Editor-MatineeToLevelSequence.dll (API version 3709383).
LogModuleManager: Display: Found up-to-date module file ../../../Engine/Plugins/Online/OnlineSubsystem/Binaries/Win64/UE4Editor-OnlineSubsystem.dll (API version 3709383).
LogModuleManager: Display: Found up-to-date module file ../../../Engine/Plugins/Online/OnlineSubsystemNull/Binaries/Win64/UE4Editor-OnlineSubsystemNull.dll (API version 3709383).
LogModuleManager: Display: Found up-to-date module file ../../../Engine/Plugins/Online/OnlineSubsystemUtils/Binaries/Win64/UE4Editor-OnlineSubsystemUtils.dll (API version 3709383).
LogModuleManager: Display: Found up-to-date module file ../../../Engine/Plugins/Online/OnlineSubsystemUtils/Binaries/Win64/UE4Editor-OnlineBlueprintSupport.dll (API version 3709383).
LogModuleManager: Display: Found up-to-date module file ../../../Engine/Plugins/Runtime/AndroidDeviceProfileSelector/Binaries/Win64/UE4Editor-AndroidDeviceProfileSelector.dll (API version 3709383).
LogModuleManager: Display: Found up-to-date module file ../../../Engine/Plugins/Runtime/AndroidPermission/Binaries/Win64/UE4Editor-AndroidPermission.dll (API version 3709383).
LogModuleManager: Display: Found up-to-date module file ../../../Engine/Plugins/Runtime/AppleARKit/Binaries/Win64/UE4Editor-AppleARKit.dll (API version 3709383).
LogModuleManager: Display: Found up-to-date module file ../../../Engine/Plugins/Runtime/ArchVisCharacter/Binaries/Win64/UE4Editor-ArchVisCharacter.dll (API version 3709383).
LogModuleManager: Display: Found up-to-date module file ../../../Engine/Plugins/Runtime/CableComponent/Binaries/Win64/UE4Editor-CableComponent.dll (API version 3709383).
LogModuleManager: Display: Found up-to-date module file ../../../Engine/Plugins/Runtime/CustomMeshComponent/Binaries/Win64/UE4Editor-CustomMeshComponent.dll (API version 3709383).
LogModuleManager: Display: Found up-to-date module file ../../../Engine/Plugins/Runtime/ExampleDeviceProfileSelector/Binaries/Win64/UE4Editor-ExampleDeviceProfileSelector.dll (API version 3709383).
LogModuleManager: Display: Found up-to-date module file ../../../Engine/Plugins/Runtime/ImmediatePhysics/Binaries/Win64/UE4Editor-ImmediatePhysics.dll (API version 3709383).
LogModuleManager: Display: Found up-to-date module file ../../../Engine/Plugins/Runtime/ImmediatePhysics/Binaries/Win64/UE4Editor-ImmediatePhysicsEditor.dll (API version 3709383).
LogModuleManager: Display: Found up-to-date module file ../../../Engine/Plugins/Runtime/LocationServicesBPLibrary/Binaries/Win64/UE4Editor-LocationServicesBPLibrary.dll (API version 3709383).
LogModuleManager: Display: Found up-to-date module file ../../../Engine/Plugins/Runtime/MobilePatchingUtils/Binaries/Win64/UE4Editor-MobilePatchingUtils.dll (API version 3709383).
LogModuleManager: Display: Found up-to-date module file ../../../Engine/Plugins/Runtime/Oculus/OculusVR/Binaries/Win64/UE4Editor-OculusHMD.dll (API version 3709383).
LogModuleManager: Display: Found up-to-date module file ../../../Engine/Plugins/Runtime/Oculus/OculusVR/Binaries/Win64/UE4Editor-OculusInput.dll (API version 3709383).
LogModuleManager: Display: Found up-to-date module file ../../../Engine/Plugins/Runtime/Oculus/OculusVR/Binaries/Win64/UE4Editor-OculusEditor.dll (API version 3709383).
LogModuleManager: Display: Found up-to-date module file ../../../Engine/Plugins/Runtime/PhysXVehicles/Binaries/Win64/UE4Editor-PhysXVehicles.dll (API version 3709383).
LogModuleManager: Display: Found up-to-date module file ../../../Engine/Plugins/Runtime/PhysXVehicles/Binaries/Win64/UE4Editor-PhysXVehiclesEditor.dll (API version 3709383).
LogModuleManager: Display: Found up-to-date module file ../../../Engine/Plugins/Runtime/ProceduralMeshComponent/Binaries/Win64/UE4Editor-ProceduralMeshComponent.dll (API version 3709383).
LogModuleManager: Display: Found up-to-date module file ../../../Engine/Plugins/Runtime/ProceduralMeshComponent/Binaries/Win64/UE4Editor-ProceduralMeshComponentEditor.dll (API version 3709383).
LogModuleManager: Display: Found up-to-date module file ../../../Engine/Plugins/Runtime/RuntimePhysXCooking/Binaries/Win64/UE4Editor-RuntimePhysXCooking.dll (API version 3709383).
LogModuleManager: Display: Found up-to-date module file ../../../Engine/Plugins/Runtime/Steam/SteamVR/Binaries/Win64/UE4Editor-SteamVR.dll (API version 3709383).
LogModuleManager: Display: Found up-to-date module file ../../../Engine/Plugins/Runtime/Steam/SteamVR/Binaries/Win64/UE4Editor-SteamVRController.dll (API version 3709383).
LogModuleManager: Display: Found up-to-date module file ../../../Engine/Plugins/Runtime/WindowsMoviePlayer/Binaries/Win64/UE4Editor-WindowsMoviePlayer.dll (API version 3709383).
LogInit: Using libcurl 7.47.1
LogInit:  - built for x86_64-pc-win32
LogInit:  - supports SSL with OpenSSL/1.0.2g
LogInit:  - supports HTTP deflate (compression) using libz 1.2.8
LogInit:  - other features:
LogInit:      CURL_VERSION_SSL
LogInit:      CURL_VERSION_LIBZ
LogInit:      CURL_VERSION_IPV6
LogInit:      CURL_VERSION_ASYNCHDNS
LogInit:      CURL_VERSION_LARGEFILE
LogInit:      CURL_VERSION_IDN
LogInit:  CurlRequestOptions (configurable via config and command line):
LogInit:  - bVerifyPeer = false  - Libcurl will NOT verify peer certificate
LogInit:  - bUseHttpProxy = false  - Libcurl will NOT use HTTP proxy
LogInit:  - bDontReuseConnections = false  - Libcurl will reuse connections
LogInit:  - CertBundlePath = nullptr  - Libcurl will use whatever was configured at build time.
LogInit: Build: ++UE4+Release-4.18-CL-3832480
LogInit: Engine Version: 4.18.3-3832480+++UE4+Release-4.18
LogInit: Compatible Engine Version: 4.18.0-3709383+++UE4+Release-4.18
LogInit: Net CL: 3709383
LogDevObjectVersion: Number of dev versions registered: 16
LogDevObjectVersion:   Dev-Blueprints (B0D832E4-1F89-4F0D-ACCF-7EB736FD4AA2): 10
LogDevObjectVersion:   Dev-Build (E1C64328-A22C-4D53-A36C-8E866417BD8C): 0
LogDevObjectVersion:   Dev-Core (375EC13C-06E4-48FB-B500-84F0262A717E): 2
LogDevObjectVersion:   Dev-Editor (E4B068ED-F494-42E9-A231-DA0B2E46BB41): 20
LogDevObjectVersion:   Dev-Framework (CFFC743F-43B0-4480-9391-14DF171D2073): 30
LogDevObjectVersion:   Dev-Mobile (B02B49B5-BB20-44E9-A304-32B752E40360): 0
LogDevObjectVersion:   Dev-Networking (A4E4105C-59A1-49B5-A7C5-40C4547EDFEE): 0
LogDevObjectVersion:   Dev-Online (39C831C9-5AE6-47DC-9A44-9C173E1C8E7C): 0
LogDevObjectVersion:   Dev-Physics (78F01B33-EBEA-4F98-B9B4-84EACCB95AA2): 0
LogDevObjectVersion:   Dev-Platform (6631380F-2D4D-43E0-8009-CF276956A95A): 0
LogDevObjectVersion:   Dev-Rendering (12F88B9F-8875-4AFC-A67C-D90C383ABD29): 20
LogDevObjectVersion:   Dev-Sequencer (7B5AE74C-D270-4C10-A958-57980B212A5A): 4
LogDevObjectVersion:   Dev-VR (D7296918-1DD6-4BDD-9DE2-64A83CC13884): 0
LogDevObjectVersion:   Dev-LoadTimes (C2A15278-BFE7-4AFE-6C17-90FF531DF755): 1
LogDevObjectVersion:   Private-Geometry (6EACA3D4-40EC-4CC1-B786-8BED09428FC5): 1
LogDevObjectVersion:   Dev-AnimPhys (29E575DD-E0A3-4627-9D10-D276232CDCEA): 12
LogInit: Compiled (64-bit): Jan 12 2018 02:04:55
LogInit: Compiled with Visual C++: 19.00.24215.01
LogInit: Build Configuration: Development
LogInit: Branch Name: ++UE4+Release-4.18
LogInit: Command line: -EpicPortal 
LogInit: Base directory: C:/Program Files/Epic Games/UE_4.18/Engine/Binaries/Win64/
LogInit: Installed Engine Build: 1
LogInit: Presizing for max 8388607 objects, including 0 objects not considered by GC, pre-allocating 0 bytes for permanent pool.
LogInit: Object subsystem initialized
[2018.04.04-10.55.34:720][  0]LogInit: Selected Device Profile: [Windows]
[2018.04.04-10.55.34:720][  0]LogInit: Applying CVar settings loaded from the selected device profile: [Windows]
[2018.04.04-10.55.34:731][  0]LogInit: Computer: NOAHS-PC
[2018.04.04-10.55.34:731][  0]LogInit: User: NoahKLeiter
[2018.04.04-10.55.34:731][  0]LogInit: CPU Page size=4096, Cores=4
[2018.04.04-10.55.34:731][  0]LogInit: High frequency timer resolution =3.906243 MHz
[2018.04.04-10.55.34:731][  0]LogMemory: Memory total: Physical=15.9GB (16GB approx)
[2018.04.04-10.55.34:731][  0]LogMemory: Platform Memory Stats for Windows
[2018.04.04-10.55.34:731][  0]LogMemory: Process Physical Memory: 272.72 MB used, 272.72 MB peak
[2018.04.04-10.55.34:731][  0]LogMemory: Process Virtual Memory: 270.96 MB used, 270.96 MB peak
[2018.04.04-10.55.34:731][  0]LogMemory: Physical Memory: 5204.34 MB used,  11128.27 MB free, 16332.61 MB total
[2018.04.04-10.55.34:731][  0]LogMemory: Virtual Memory: 678.73 MB used,  11128.27 MB free, 134217728.00 MB total
[2018.04.04-10.55.34:882][  0]LogInit: Using OS detected language (en-US).
[2018.04.04-10.55.34:882][  0]LogInit: Using OS detected locale (en-US).
[2018.04.04-10.55.34:885][  0]LogTextLocalizationManager: No specific localization for 'en-US' exists, so the 'en' localization will be used.
[2018.04.04-10.55.35:255][  0]LogInit: Setting process to per monitor DPI aware
[2018.04.04-10.55.35:492][  0]LogD3D11RHI: D3D11 adapters:
[2018.04.04-10.55.35:512][  0]LogD3D11RHI:    0. 'AMD Radeon (TM) R9 390 Series' (Feature Level 11_0)
[2018.04.04-10.55.35:512][  0]LogD3D11RHI:       8168/0/8166 MB DedicatedVideo/DedicatedSystem/SharedSystem, Outputs:2, VendorId:0x1002
[2018.04.04-10.55.35:513][  0]LogD3D11RHI:    1. 'Microsoft Basic Render Driver' (Feature Level 11_0)
[2018.04.04-10.55.35:513][  0]LogD3D11RHI:       0/0/8166 MB DedicatedVideo/DedicatedSystem/SharedSystem, Outputs:0, VendorId:0x1414
[2018.04.04-10.55.35:513][  0]LogD3D11RHI: Chosen D3D11 Adapter: 0
[2018.04.04-10.55.35:519][  0]LogD3D11RHI: Creating new Direct3DDevice
[2018.04.04-10.55.35:519][  0]LogD3D11RHI:     GPU DeviceId: 0x67b1 (for the marketing name, search the web for "GPU Device Id")
[2018.04.04-10.55.35:519][  0]LogWindows: EnumDisplayDevices:
[2018.04.04-10.55.35:519][  0]LogWindows:    0. 'AMD Radeon (TM) R9 390 Series' (P:0 D:1)
[2018.04.04-10.55.35:520][  0]LogWindows:    1. 'AMD Radeon (TM) R9 390 Series' (P:1 D:1)
[2018.04.04-10.55.35:520][  0]LogWindows:    2. 'AMD Radeon (TM) R9 390 Series' (P:0 D:0)
[2018.04.04-10.55.35:520][  0]LogWindows:    3. 'AMD Radeon (TM) R9 390 Series' (P:0 D:0)
[2018.04.04-10.55.35:520][  0]LogWindows:    4. 'AMD Radeon (TM) R9 390 Series' (P:0 D:0)
[2018.04.04-10.55.35:520][  0]LogWindows:    5. 'AMD Radeon (TM) R9 390 Series' (P:0 D:0)
[2018.04.04-10.55.35:520][  0]LogWindows: DebugString: GetVideoDriverDetailsInvalid PrimaryIsNotTheChoosenAdapter GetVideoDriverDetailsInvalid PrimaryIsNotTheChoosenAdapter GetVideoDriverDetailsInvalid PrimaryIsNotTheChoosenAdapter GetVideoDriverDetailsInvalid PrimaryIsNotTheChoosenAdapter GetVideoDriverDetailsInvalid PrimaryIsNotTheChoosenAdapter GetVideoDriverDetailsInvalid PrimaryIsNotTheChoosenAdapter FoundDriverCount:0 
[2018.04.04-10.55.35:520][  0]LogD3D11RHI:     Adapter Name: AMD Radeon (TM) R9 390 Series
[2018.04.04-10.55.35:520][  0]LogD3D11RHI:   Driver Version: Unknown (internal:Unknown, unified:Unknown)
[2018.04.04-10.55.35:520][  0]LogD3D11RHI:      Driver Date: Unknown
[2018.04.04-10.55.35:520][  0]LogRHI: Texture pool is 5717 MB (70% of 8168 MB)
[2018.04.04-10.55.35:545][  0]LogD3D11RHI: Async texture creation enabled
[2018.04.04-10.55.35:558][  0]LogD3D11RHI: GPU Timing Frequency: 27.000000 (Debug: 2 1)
[2018.04.04-10.55.35:559][  0]LogShaderCompilers: Guid format shader working directory is -26 characters bigger than the processId version (../../../../../../Users/Noah K Leiter/Desktop/SatomiSecondPass/SatomiSecondPass/Intermediate/Shaders/WorkingDirectory/14000/).
[2018.04.04-10.55.35:560][  0]LogShaderCompilers: Cleaned the shader compiler working directory 'C:/Users/Noah K Leiter/AppData/Local/Temp/UnrealShaderWorkingDir/D46AB22543FB4AE1B26536B333754BFF/'.
[2018.04.04-10.55.35:560][  0]LogShaderCompilers: Display: Using Local Shader Compiler.
[2018.04.04-10.55.36:497][  0]LogTemp: Display: Loaded TP AllDesktopTargetPlatform
[2018.04.04-10.55.36:538][  0]LogTemp: Display: Loaded TP MacClientTargetPlatform
[2018.04.04-10.55.36:582][  0]LogTemp: Display: Loaded TP MacNoEditorTargetPlatform
[2018.04.04-10.55.36:624][  0]LogTemp: Display: Loaded TP MacServerTargetPlatform
[2018.04.04-10.55.36:669][  0]LogTemp: Display: Loaded TP MacTargetPlatform
[2018.04.04-10.55.36:716][  0]LogTemp: Display: Loaded TP WindowsClientTargetPlatform
[2018.04.04-10.55.36:759][  0]LogTemp: Display: Loaded TP WindowsNoEditorTargetPlatform
[2018.04.04-10.55.36:808][  0]LogTemp: Display: Loaded TP WindowsServerTargetPlatform
[2018.04.04-10.55.36:845][  0]LogTemp: Display: Loaded TP WindowsTargetPlatform
[2018.04.04-10.55.36:885][  0]LogTemp: Display: Loaded TP Android_ASTCTargetPlatform
[2018.04.04-10.55.36:950][  0]LogTemp: Display: Loaded TP Android_ATCTargetPlatform
[2018.04.04-10.55.36:996][  0]LogTemp: Display: Loaded TP Android_DXTTargetPlatform
[2018.04.04-10.55.37:040][  0]LogTemp: Display: Loaded TP Android_ETC1TargetPlatform
[2018.04.04-10.55.37:084][  0]LogTemp: Display: Loaded TP Android_ETC2TargetPlatform
[2018.04.04-10.55.37:174][  0]LogTemp: Display: Loaded TP Android_MultiTargetPlatform
[2018.04.04-10.55.37:174][  0]LogTemp: Display: Loaded TP Android_PVRTCTargetPlatform
[2018.04.04-10.55.37:221][  0]LogTemp: Display: Loaded TP AndroidTargetPlatform
[2018.04.04-10.55.37:256][  0]LogTemp: Display: Loaded TP HTML5TargetPlatform
[2018.04.04-10.55.37:337][  0]LogTemp: Display: Loaded TP IOSTargetPlatform
[2018.04.04-10.55.37:358][  0]LogTemp: Display: Loaded TP TVOSTargetPlatform
[2018.04.04-10.55.37:412][  0]LogTemp: Display: Loaded TP LinuxClientTargetPlatform
[2018.04.04-10.55.37:480][  0]LogTemp: Display: Loaded TP LinuxNoEditorTargetPlatform
[2018.04.04-10.55.37:523][  0]LogTemp: Display: Loaded TP LinuxServerTargetPlatform
[2018.04.04-10.55.37:565][  0]LogTemp: Display: Loaded TP LinuxTargetPlatform
[2018.04.04-10.55.37:565][  0]LogTargetPlatformManager: Display: Building Assets For Windows
[2018.04.04-10.55.37:964][  0]LogDerivedDataCache: Display: Max Cache Size: 512 MB
[2018.04.04-10.55.38:037][  0]LogDerivedDataCache: Loaded boot cache 0.07s 78MB C:/Users/Noah K Leiter/AppData/Local/UnrealEngine/4.18/DerivedDataCache/Boot.ddc.
[2018.04.04-10.55.38:037][  0]LogDerivedDataCache: Display: Loaded Boot cache: C:/Users/Noah K Leiter/AppData/Local/UnrealEngine/4.18/DerivedDataCache/Boot.ddc
[2018.04.04-10.55.38:037][  0]LogDerivedDataCache: FDerivedDataBackendGraph:  Pak pak cache file ../../../../../../Users/Noah K Leiter/Desktop/SatomiSecondPass/SatomiSecondPass/DerivedDataCache/DDC.ddp not found, will not use a pak cache.
[2018.04.04-10.55.38:037][  0]LogDerivedDataCache: Unable to find inner node Pak for hierarchical cache Hierarchy.
[2018.04.04-10.55.38:037][  0]LogDerivedDataCache: FDerivedDataBackendGraph:  CompressedPak pak cache file ../../../../../../Users/Noah K Leiter/Desktop/SatomiSecondPass/SatomiSecondPass/DerivedDataCache/Compressed.ddp not found, will not use a pak cache.
[2018.04.04-10.55.38:037][  0]LogDerivedDataCache: Unable to find inner node CompressedPak for hierarchical cache Hierarchy.
[2018.04.04-10.55.38:052][  0]LogDerivedDataCache: Display: Pak cache opened for reading ../../../Engine/DerivedDataCache/Compressed.ddp.
[2018.04.04-10.55.38:065][  0]LogDerivedDataCache: Using Local data cache path C:/Users/Noah K Leiter/AppData/Local/UnrealEngine/Common/DerivedDataCache: Writable
[2018.04.04-10.55.38:073][  0]LogMaterial: Verifying Global Shaders for PCD3D_SM5
[2018.04.04-10.55.38:074][  0]LogSlate: Using Freetype 2.6.0
[2018.04.04-10.55.38:074][  0]LogSlate: SlateFontCache - WITH_FREETYPE: 1, WITH_HARFBUZZ: 1
[2018.04.04-10.55.38:074][  0]LogSlate: SlateFontCache - WITH_FREETYPE: 1, WITH_HARFBUZZ: 1
[2018.04.04-10.55.38:379][  0]LogInit: Selected Device Profile: [Windows]
[2018.04.04-10.55.38:647][  0]LogSimplygon: Simplygon DLL not present - disabling.
[2018.04.04-10.55.38:681][  0]LogMeshReduction: Using SimplygonSwarm for distributed automatic mesh merging
[2018.04.04-10.55.38:681][  0]LogMeshReduction: Using QuadricMeshReduction for automatic static mesh reduction
[2018.04.04-10.55.38:681][  0]LogMeshReduction: No automatic skeletal mesh reduction module available
[2018.04.04-10.55.38:681][  0]LogMeshReduction: No automatic mesh merging module available
[2018.04.04-10.55.38:681][  0]LogMeshMerging: No automatic mesh merging module available
[2018.04.04-10.55.38:706][  0]LogNetVersion: SatomiSecondPass , NetCL: 3709383, EngineNetVer: 2, GameNetVer: 0 (Checksum: 1700658131)
[2018.04.04-10.55.38:842][  0]LogAssetRegistry: FAssetRegistry took 0.0259 seconds to start up
[2018.04.04-10.55.39:296][  0]LogPackageLocalizationCache: Processed 7 localized package path(s) for 2 prioritized culture(s) in 0.065020 seconds
[2018.04.04-10.55.39:301][  0]LogUObjectArray: 35870 objects as part of root set at end of initial load.
[2018.04.04-10.55.39:301][  0]LogUObjectAllocator: 7363704 out of 0 bytes used by permanent object pool.
[2018.04.04-10.55.39:301][  0]LogUObjectArray: CloseDisregardForGC: 0/0 objects in disregard for GC pool
[2018.04.04-10.55.39:344][  0]LogInit: WinSock: version 1.1 (2.2), MaxSocks=32767, MaxUdp=65467
[2018.04.04-10.55.41:851][  0]LogSubstanceCoreModule: Substance [CPU] Engine Loaded, Max Texture Size = 2048
[2018.04.04-10.55.41:884][  0]LogTcpMessaging: Initializing TcpMessaging bridge
[2018.04.04-10.55.41:919][  0]LogUdpMessaging: Initializing bridge on interface 0.0.0.0:0 to multicast group 230.0.0.1:6666.
[2018.04.04-10.55.42:585][  0]LogMaterial: Uniform references updated for custom material expression Custom.
[2018.04.04-10.55.42:981][  0]SourceControl: Source control is disabled
[2018.04.04-10.55.42:982][  0]SourceControl: Source control is disabled
[2018.04.04-10.55.43:029][  0]SourceControl: Source control is disabled
[2018.04.04-10.55.43:070][  0]SourceControl: Source control is disabled
[2018.04.04-10.55.43:809][  0]LogAndroidPermission: UAndroidPermissionCallbackProxy::GetInstance
[2018.04.04-10.55.44:089][  0]LogOcInput: OculusInput pre-init called
[2018.04.04-10.55.44:533][  0]LogEngine: Initializing Engine...
[2018.04.04-10.55.44:535][  0]LogHMD: Failed to initialize OpenVR with code 110
[2018.04.04-10.55.44:708][  0]LogStats: UGameplayTagsManager::ConstructGameplayTagTree: Construct from data asset -  0.000 s
[2018.04.04-10.55.44:708][  0]LogStats: UGameplayTagsManager::ConstructGameplayTagTree: GameplayTagTreeChangedEvent.Broadcast -  0.000 s
[2018.04.04-10.55.44:812][  0]LogAIModule: Creating AISystem for world Untitled
[2018.04.04-10.55.44:819][  0]LogInit: XAudio2 using 'Speakers (High Definition Audio Device)' : 2 channels at 44.1 kHz using 16 bits per sample (channel mask 0x3)
[2018.04.04-10.55.44:840][  0]LogInit: FAudioDevice initialized.
[2018.04.04-10.55.44:924][  0]LogDerivedDataCache: Saved boot cache 0.08s 78MB C:/Users/Noah K Leiter/AppData/Local/UnrealEngine/4.18/DerivedDataCache/Boot.ddc.
[2018.04.04-10.55.44:961][  0]LogInit: Texture streaming: Enabled
[2018.04.04-10.55.45:039][  0]LogEngineSessionManager: EngineSessionManager initialized
[2018.04.04-10.55.45:147][  0]LogInit: Transaction tracking system initialized
[2018.04.04-10.55.45:418][  0]BlueprintLog: New page: Editor Load
[2018.04.04-10.55.46:147][  0]LocalizationService: Localization service is disabled
[2018.04.04-10.55.46:827][  0]LogConsoleResponse: Display: 
[2018.04.04-10.55.46:975][  0]LogCook: Display: Max memory allowance for cook 16384mb min free memory 0mb
[2018.04.04-10.55.46:975][  0]LogCook: Display: Mobile HDR setting 1
[2018.04.04-10.55.46:975][  0]LogGameplayTags: Display: UGameplayTagsManager::DoneAddingNativeTags. DelegateIsBound: 0
[2018.04.04-10.55.47:687][  0]LogFileCache: Scanning file cache for directory 'C:/Users/Noah K Leiter/Desktop/SatomiSecondPass/SatomiSecondPass/Content/' took 0.02s
[2018.04.04-10.55.48:020][  0]SourceControl: Source control is disabled
[2018.04.04-10.55.48:020][  0]Cmd: MAP LOAD FILE="../../../Engine/Content/Maps/Templates/Template_Default.umap" TEMPLATE=1 SHOWPROGRESS=1 FEATURELEVEL=3
[2018.04.04-10.55.48:021][  0]LightingResults: New page: Lighting Build
[2018.04.04-10.55.48:055][  0]MapCheck: New page: Map Check
[2018.04.04-10.55.48:055][  0]LightingResults: New page: Lighting Build
[2018.04.04-10.55.48:197][  0]LogAIModule: Creating AISystem for world Untitled_1
[2018.04.04-10.55.48:202][  0]LogEditorServer: Finished looking for orphan Actors (0.000 secs)
[2018.04.04-10.55.48:211][  0]Cmd: MAP CHECKDEP NOCLEARLOG
[2018.04.04-10.55.48:251][  0]MapCheck: Map check complete: 0 Error(s), 0 Warning(s), took 39.416ms to complete.
[2018.04.04-10.55.48:251][  0]LogFileHelpers: Loading map 'Template_Default' took 0.230
[2018.04.04-10.55.48:393][  0]LogCollectionManager: Loaded 0 collections in 0.001310 seconds
[2018.04.04-10.55.48:467][  0]LogFileCache: Scanning file cache for directory 'C:/Users/Noah K Leiter/Desktop/SatomiSecondPass/SatomiSecondPass/Saved/Collections/' took 0.01s
[2018.04.04-10.55.48:467][  0]LogFileCache: Scanning file cache for directory 'C:/Users/Noah K Leiter/Desktop/SatomiSecondPass/SatomiSecondPass/Content/Developers/NoahKLeiter/Collections/' took 0.01s
[2018.04.04-10.55.48:467][  0]LogFileCache: Scanning file cache for directory 'C:/Users/Noah K Leiter/Desktop/SatomiSecondPass/SatomiSecondPass/Content/Collections/' took 0.01s
[2018.04.04-10.55.48:467][  0]LogCollectionManager: Rebuilt the GUID cache for 0 collections in 0.000000 seconds
[2018.04.04-10.55.48:475][  0]LogContentBrowser: Native class hierarchy populated in 0.0081 seconds. Added 2378 classes and 527 folders.
[2018.04.04-10.55.48:529][  0]LogContentBrowser: Native class hierarchy updated for 'WidgetCarousel' in 0.0007 seconds. Added 0 classes and 0 folders.
[2018.04.04-10.55.48:560][  0]LogContentBrowser: Native class hierarchy updated for 'AddContentDialog' in 0.0008 seconds. Added 0 classes and 0 folders.
[2018.04.04-10.55.48:597][  0]LogContentBrowser: Native class hierarchy updated for 'SceneOutliner' in 0.0010 seconds. Added 1 classes and 2 folders.
[2018.04.04-10.55.48:634][  0]LogSlate: Took 0.000167 seconds to synchronously load lazily loaded font '../../../Engine/Content/Slate/Fonts/Roboto-Regular.ttf' (155K)
[2018.04.04-10.55.48:637][  0]LogSlate: Took 0.000155 seconds to synchronously load lazily loaded font '../../../Engine/Content/Slate/Fonts/Roboto-Bold.ttf' (160K)
[2018.04.04-10.55.48:639][  0]LogSlate: Took 0.000110 seconds to synchronously load lazily loaded font '../../../Engine/Content/Editor/Slate/Fonts/FontAwesome.ttf' (139K)
[2018.04.04-10.55.48:710][  0]LogRenderer: Reallocating scene render targets to support 1184x548 Format 10 NumSamples 1 (Frame:1).
[2018.04.04-10.55.48:856][  0]LogContentBrowser: Native class hierarchy updated for 'HierarchicalLODOutliner' in 0.0008 seconds. Added 1 classes and 2 folders.
[2018.04.04-10.55.48:856][  0]LogLoad: (Engine Initialization) Total time: 16.54 seconds
[2018.04.04-10.55.48:856][  0]LogLoad: (Engine Initialization) Total Blueprint compile time: 0.00 seconds
[2018.04.04-10.55.48:856][  0]LogExternalProfiler: Found external profiler: VSPerf
[2018.04.04-10.55.48:856][  0]LogExternalProfiler: Using external profiler: VSPerf
[2018.04.04-10.55.48:866][  0]LogWindowsTextInputMethodSystem: Display: IME system now deactivated.
[2018.04.04-10.55.48:885][  0]LogContentStreaming: Texture pool size now 1000 MB
[2018.04.04-10.55.48:933][  0]LogSlate: Took 0.000137 seconds to synchronously load lazily loaded font '../../../Engine/Content/Slate/Fonts/Roboto-Light.ttf' (159K)
[2018.04.04-10.55.48:936][  1]LogSubstanceLiveLink: Warning: Unable to send data along socket, closing connection
[2018.04.04-10.55.48:954][  1]LogAssetRegistry: Asset discovery search completed in 10.1352 seconds
[2018.04.04-10.55.48:958][  1]LogCollectionManager: Rebuilt the object cache for 0 collections in 0.000000 seconds (found 0 objects)
[2018.04.04-10.55.48:958][  1]LogCollectionManager: Fixed up redirectors for 0 collections in 0.000045 seconds (updated 0 objects)
[2018.04.04-11.00.40:105][928]LogSlate: Warning: Prevented a slow task dialog from being summoned while a context menu was open
[2018.04.04-11.00.40:107][928]LogLinker: Warning: Can't find file '/Game/InfinityBladeGrassLands/Maps/Untitled_BuiltData'
[2018.04.04-11.00.40:108][928]LogLinker: Warning: Can't find file for asset '/Game/InfinityBladeGrassLands/Maps/Untitled_BuiltData' while loading ../../../../../../Users/Noah K Leiter/Desktop/SatomiSecondPass/SatomiSecondPass/Content/InfinityBladeGrassLands/Maps/Untitled.umap.
[2018.04.04-11.00.40:108][928]LoadErrors: Error: /Game/InfinityBladeGrassLands/Maps/Untitled : Can't find file for asset. /Game/InfinityBladeGrassLands/Maps/Untitled_BuiltData
[2018.04.04-11.00.40:109][928]LogLinker: Warning: Can't find file '/Game/InfinityBladeGrassLands/Maps/Untitled_BuiltData'
[2018.04.04-11.00.40:109][928]LogLinker: Warning: Can't find file for asset '/Game/InfinityBladeGrassLands/Maps/Untitled_BuiltData' while loading ../../../../../../Users/Noah K Leiter/Desktop/SatomiSecondPass/SatomiSecondPass/Content/InfinityBladeGrassLands/Maps/Untitled.umap.
[2018.04.04-11.00.40:113][928]LogLinker: Warning: Can't find file '/Game/InfinityBladeGrassLands/Maps/Untitled_BuiltData'
[2018.04.04-11.00.40:113][928]LoadErrors: Failed to load /Game/InfinityBladeGrassLands/Maps/Untitled_BuiltData.Untitled_BuiltData Referenced by PersistentLevel
[2018.04.04-11.00.40:113][928]LogLinker: Warning: Can't find file for asset '/Game/InfinityBladeGrassLands/Maps/Untitled_BuiltData' while loading NULL.
[2018.04.04-11.00.40:117][928]LogAIModule: Creating AISystem for world Untitled
[2018.04.04-11.00.43:149][928]LogSlate: Took 0.000141 seconds to synchronously load lazily loaded font '../../../Engine/Content/Slate/Fonts/Roboto-Light.ttf' (159K)
[2018.04.04-17.32.00:469][ 84]LogHttp: Warning: 00000162696F6800: request failed, libcurl error: 6 (Couldn't resolve host name)
[2018.04.04-17.32.00:470][ 84]LogHttp: Warning: 00000162696F6800: libcurl info message cache 0 (Found bundle for host datarouter.ol.epicgames.com: 0x1621030bfb8 [can pipeline])
[2018.04.04-17.32.00:470][ 84]LogHttp: Warning: 00000162696F6800: libcurl info message cache 1 (Re-using existing connection! (#9) with host datarouter.ol.epicgames.com)
[2018.04.04-17.32.00:470][ 84]LogHttp: Warning: 00000162696F6800: libcurl info message cache 2 (Connected to datarouter.ol.epicgames.com (52.207.98.242) port 443 (#9))
[2018.04.04-17.32.00:470][ 84]LogHttp: Warning: 00000162696F6800: libcurl info message cache 3 (upload completely sent off: 357 out of 357 bytes)
[2018.04.04-17.32.00:470][ 84]LogHttp: Warning: 00000162696F6800: libcurl info message cache 4 (TLSv1.2 (IN), TLS alert, Client hello (1):)
[2018.04.04-17.32.00:470][ 84]LogHttp: Warning: 00000162696F6800: libcurl info message cache 5 (Connection died, retrying a fresh connect)
[2018.04.04-17.32.00:470][ 84]LogHttp: Warning: 00000162696F6800: libcurl info message cache 6 (Closing connection 9)
[2018.04.04-17.32.00:470][ 84]LogHttp: Warning: 00000162696F6800: libcurl info message cache 7 (TLSv1.2 (OUT), TLS alert, Client hello (1):)
[2018.04.04-17.32.00:470][ 84]LogHttp: Warning: 00000162696F6800: libcurl info message cache 8 (Issue another request to this URL: 'https://datarouter.ol.epicgames.com/datarouter/api/v1/public/data?SessionID=%7BA3B269C2-4F34-DE8D-7567-C8BA72D1754E%7D&AppID=UEEditor.Rocket.Release&AppVersion=4.18.3-3832480%2B%2B%2BUE4%2BRelease-4.18&UserID=bc3a8460456e7e127be1d7a4e433effa%7C29c81247e8404d158124f69a5f87da8a%7C39143f74-f15a-4f0f-9389-247d1210a4c5&AppEnvironment=datacollector-binary&UploadType=eteventstream')
[2018.04.04-17.32.00:470][ 84]LogHttp: Warning: 00000162696F6800: libcurl info message cache 9 (Could not resolve host: datarouter.ol.epicgames.com)
[2018.04.04-17.32.00:470][ 84]LogHttp: Warning: 00000162696F6800: libcurl info message cache 10 (Closing connection 10)
[2018.04.04-20.15.00:739][424]LogHttp: Warning: 00000162696F7580: request failed, libcurl error: 6 (Couldn't resolve host name)
[2018.04.04-20.15.00:740][424]LogHttp: Warning: 00000162696F7580: libcurl info message cache 0 (Found bundle for host datarouter.ol.epicgames.com: 0x16210308b38 [can pipeline])
[2018.04.04-20.15.00:740][424]LogHttp: Warning: 00000162696F7580: libcurl info message cache 1 (Re-using existing connection! (#13) with host datarouter.ol.epicgames.com)
[2018.04.04-20.15.00:740][424]LogHttp: Warning: 00000162696F7580: libcurl info message cache 2 (Connected to datarouter.ol.epicgames.com (18.232.41.123) port 443 (#13))
[2018.04.04-20.15.00:740][424]LogHttp: Warning: 00000162696F7580: libcurl info message cache 3 (upload completely sent off: 357 out of 357 bytes)
[2018.04.04-20.15.00:740][424]LogHttp: Warning: 00000162696F7580: libcurl info message cache 4 (TLSv1.2 (IN), TLS alert, Client hello (1):)
[2018.04.04-20.15.00:740][424]LogHttp: Warning: 00000162696F7580: libcurl info message cache 5 (Connection died, retrying a fresh connect)
[2018.04.04-20.15.00:740][424]LogHttp: Warning: 00000162696F7580: libcurl info message cache 6 (Closing connection 13)
[2018.04.04-20.15.00:740][424]LogHttp: Warning: 00000162696F7580: libcurl info message cache 7 (TLSv1.2 (OUT), TLS alert, Client hello (1):)
[2018.04.04-20.15.00:740][424]LogHttp: Warning: 00000162696F7580: libcurl info message cache 8 (Issue another request to this URL: 'https://datarouter.ol.epicgames.com/datarouter/api/v1/public/data?SessionID=%7BA3B269C2-4F34-DE8D-7567-C8BA72D1754E%7D&AppID=UEEditor.Rocket.Release&AppVersion=4.18.3-3832480%2B%2B%2BUE4%2BRelease-4.18&UserID=bc3a8460456e7e127be1d7a4e433effa%7C29c81247e8404d158124f69a5f87da8a%7C39143f74-f15a-4f0f-9389-247d1210a4c5&AppEnvironment=datacollector-binary&UploadType=eteventstream')
[2018.04.04-20.15.00:740][424]LogHttp: Warning: 00000162696F7580: libcurl info message cache 9 (Could not resolve host: datarouter.ol.epicgames.com)
[2018.04.04-20.15.00:740][424]LogHttp: Warning: 00000162696F7580: libcurl info message cache 10 (Closing connection 14)
[2018.04.05-19.08.21:496][620]LogHttp: Warning: 00000162696F7280: request failed, libcurl error: 6 (Couldn't resolve host name)
[2018.04.05-19.08.21:496][620]LogHttp: Warning: 00000162696F7280: libcurl info message cache 0 (Found bundle for host datarouter.ol.epicgames.com: 0x1621030a8a8 [can pipeline])
[2018.04.05-19.08.21:496][620]LogHttp: Warning: 00000162696F7280: libcurl info message cache 1 (Re-using existing connection! (#34) with host datarouter.ol.epicgames.com)
[2018.04.05-19.08.21:496][620]LogHttp: Warning: 00000162696F7280: libcurl info message cache 2 (Connected to datarouter.ol.epicgames.com (52.207.61.206) port 443 (#34))
[2018.04.05-19.08.21:496][620]LogHttp: Warning: 00000162696F7280: libcurl info message cache 3 (upload completely sent off: 357 out of 357 bytes)
[2018.04.05-19.08.21:496][620]LogHttp: Warning: 00000162696F7280: libcurl info message cache 4 (SSL read: error:00000000:lib(0):func(0):reason(0), errno 10054)
[2018.04.05-19.08.21:496][620]LogHttp: Warning: 00000162696F7280: libcurl info message cache 5 (Connection died, retrying a fresh connect)
[2018.04.05-19.08.21:496][620]LogHttp: Warning: 00000162696F7280: libcurl info message cache 6 (Closing connection 34)
[2018.04.05-19.08.21:496][620]LogHttp: Warning: 00000162696F7280: libcurl info message cache 7 (Issue another request to this URL: 'https://datarouter.ol.epicgames.com/datarouter/api/v1/public/data?SessionID=%7BA3B269C2-4F34-DE8D-7567-C8BA72D1754E%7D&AppID=UEEditor.Rocket.Release&AppVersion=4.18.3-3832480%2B%2B%2BUE4%2BRelease-4.18&UserID=bc3a8460456e7e127be1d7a4e433effa%7C29c81247e8404d158124f69a5f87da8a%7C39143f74-f15a-4f0f-9389-247d1210a4c5&AppEnvironment=datacollector-binary&UploadType=eteventstream')
[2018.04.05-19.08.21:496][620]LogHttp: Warning: 00000162696F7280: libcurl info message cache 8 (Could not resolve host: datarouter.ol.epicgames.com)
[2018.04.05-19.08.21:496][620]LogHttp: Warning: 00000162696F7280: libcurl info message cache 9 (Closing connection 35)
